nohup: ignoring input

> frontend@0.1.0 dev
> next dev -p 3000

▲ Next.js 16.1.6 (Turbopack)
- Local:         http://localhost:3000
- Network:       http://10.255.255.254:3000

✓ Starting...
⚠ The "middleware" file convention is deprecated. Please use "proxy" instead. Learn more: https://nextjs.org/docs/messages/middleware-to-proxy
✓ Ready in 412ms
 GET /dashboard/settings/privacy 200 in 767ms (compile: 543ms, proxy.ts: 46ms, render: 179ms)
 GET /sw.js 404 in 60ms (compile: 24ms, proxy.ts: 3ms, render: 33ms)
 GET / 200 in 69ms (compile: 11ms, proxy.ts: 2ms, render: 55ms)
 GET /sw.js 404 in 25ms (compile: 4ms, proxy.ts: 2ms, render: 18ms)
 GET / 200 in 38ms (compile: 2ms, proxy.ts: 3ms, render: 33ms)
 GET / 200 in 72ms (compile: 7ms, proxy.ts: 12ms, render: 52ms)
 GET /sw.js 404 in 28ms (compile: 4ms, proxy.ts: 3ms, render: 21ms)
 GET / 200 in 20ms (compile: 1773µs, proxy.ts: 4ms, render: 15ms)
 GET / 200 in 19ms (compile: 2ms, proxy.ts: 2ms, render: 14ms)
 GET / 200 in 22ms (compile: 3ms, proxy.ts: 2ms, render: 17ms)
 GET / 200 in 19ms (compile: 1746µs, proxy.ts: 3ms, render: 14ms)
 GET / 200 in 299ms (compile: 22ms, proxy.ts: 50ms, render: 227ms)
 GET /sw.js 404 in 29ms (compile: 4ms, proxy.ts: 2ms, render: 23ms)
 GET / 200 in 57ms (compile: 6ms, proxy.ts: 6ms, render: 45ms)
 GET /sw.js 404 in 23ms (compile: 3ms, proxy.ts: 1859µs, render: 18ms)
 GET /register 200 in 1409ms (compile: 1372ms, proxy.ts: 2ms, render: 34ms)
 GET /sw.js 404 in 21ms (compile: 3ms, proxy.ts: 1817µs, render: 16ms)
 GET /auth/register 200 in 334ms (compile: 259ms, proxy.ts: 2ms, render: 73ms)
 GET /sw.js 404 in 26ms (compile: 3ms, proxy.ts: 1785µs, render: 22ms)
 GET /auth/login 200 in 278ms (compile: 201ms, proxy.ts: 4ms, render: 73ms)
 GET /sw.js 404 in 24ms (compile: 4ms, proxy.ts: 2ms, render: 18ms)
 GET /auth/register 200 in 38ms (compile: 1649µs, proxy.ts: 2ms, render: 34ms)
 GET /sw.js 404 in 22ms (compile: 3ms, proxy.ts: 1854µs, render: 17ms)
 GET /dashboard 404 in 44ms (compile: 8ms, proxy.ts: 4ms, render: 32ms)
 GET /sw.js 404 in 22ms (compile: 3ms, proxy.ts: 1911µs, render: 16ms)
 GET /auth/register 200 in 34ms (compile: 3ms, proxy.ts: 1713µs, render: 30ms)
 GET /sw.js 404 in 23ms (compile: 3ms, proxy.ts: 2ms, render: 17ms)
 GET /auth/login 200 in 46ms (compile: 7ms, proxy.ts: 1959µs, render: 37ms)
 GET /sw.js 404 in 23ms (compile: 4ms, proxy.ts: 1814µs, render: 17ms)
 GET /admin 404 in 42ms (compile: 6ms, proxy.ts: 4ms, render: 33ms)
 GET /sw.js 404 in 26ms (compile: 3ms, proxy.ts: 1632µs, render: 21ms)
 GET /auth/login 200 in 36ms (compile: 2ms, proxy.ts: 1809µs, render: 32ms)
 GET /sw.js 404 in 25ms (compile: 3ms, proxy.ts: 2ms, render: 20ms)
✓ Compiled in 362ms
 GET /auth/register 200 in 196ms (compile: 132ms, proxy.ts: 2ms, render: 62ms)
 GET /dashboard 404 in 203ms (compile: 152ms, proxy.ts: 5ms, render: 46ms)
 GET /auth/login 200 in 65ms (compile: 28ms, proxy.ts: 2ms, render: 35ms)
 GET / 200 in 269ms (compile: 88ms, proxy.ts: 4ms, render: 178ms)
 GET /auth/login 200 in 80ms (compile: 6ms, proxy.ts: 6ms, render: 68ms)
 GET /dashboard 404 in 117ms (compile: 29ms, proxy.ts: 5ms, render: 83ms)
 GET /sw.js 404 in 22ms (compile: 3ms, proxy.ts: 4ms, render: 15ms)
✓ Compiled in 101ms
✓ Compiled in 32ms
 GET /auth/register 200 in 204ms (compile: 50ms, proxy.ts: 1995µs, render: 152ms)
✓ Compiled in 0ms
 GET /auth/login 200 in 241ms (compile: 8ms, proxy.ts: 4ms, render: 230ms)
 GET /auth/register 200 in 252ms (compile: 73ms, proxy.ts: 4ms, render: 175ms)
 GET /dashboard 404 in 84ms (compile: 36ms, proxy.ts: 6ms, render: 42ms)
 GET / 200 in 333ms (compile: 176ms, proxy.ts: 1897µs, render: 155ms)
 GET /auth/login 200 in 87ms (compile: 33ms, proxy.ts: 3ms, render: 50ms)
 GET /dashboard 404 in 111ms (compile: 23ms, proxy.ts: 1716µs, render: 86ms)
 GET /sw.js 404 in 20ms (compile: 3ms, proxy.ts: 1532µs, render: 15ms)
✓ Compiled in 96ms
✓ Compiled in 30ms
 GET / 200 in 43ms (compile: 4ms, proxy.ts: 3ms, render: 35ms)
 GET /auth/login 200 in 150ms (compile: 60ms, proxy.ts: 1570µs, render: 88ms)
 GET /auth/login 200 in 33ms (compile: 1623µs, proxy.ts: 1745µs, render: 29ms)
✓ Compiled in 0ms
 GET /dashboard 404 in 15ms (compile: 3ms, proxy.ts: 1386µs, render: 11ms)
 GET /auth/register 200 in 12ms (compile: 1267µs, proxy.ts: 1180µs, render: 10ms)
 GET /dashboard 404 in 26ms (compile: 3ms, proxy.ts: 1503µs, render: 21ms)
 GET /sw.js 404 in 19ms (compile: 3ms, proxy.ts: 1641µs, render: 14ms)
 GET /sw.js 404 in 19ms (compile: 3ms, proxy.ts: 1480µs, render: 14ms)
